{"/Users/celsoavelino/repos/testsUnitsProject/src/components/index.ts": {"path":"/Users/celsoavelino/repos/testsUnitsProject/src/components/index.ts","statementMap":{},"fnMap":{},"branchMap":{},"s":{},"f":{},"b":{}}
,"/Users/celsoavelino/repos/testsUnitsProject/src/routes/routeNames.ts": {"path":"/Users/celsoavelino/repos/testsUnitsProject/src/routes/routeNames.ts","statementMap":{"0":{"start":{"line":1,"column":25},"end":{"line":6,"column":1}}},"fnMap":{},"branchMap":{},"s":{"0":0},"f":{},"b":{}}
,"/Users/celsoavelino/repos/testsUnitsProject/src/services/index.ts": {"path":"/Users/celsoavelino/repos/testsUnitsProject/src/services/index.ts","statementMap":{},"fnMap":{},"branchMap":{},"s":{},"f":{},"b":{}}
,"/Users/celsoavelino/repos/testsUnitsProject/src/services/navigationService.ts": {"path":"/Users/celsoavelino/repos/testsUnitsProject/src/services/navigationService.ts","statementMap":{"0":{"start":{"line":11,"column":33},"end":{"line":11,"column":35}},"1":{"start":{"line":14,"column":2},"end":{"line":16,"column":3}},"2":{"start":{"line":15,"column":4},"end":{"line":15,"column":27}},"3":{"start":{"line":20,"column":2},"end":{"line":23,"column":3}},"4":{"start":{"line":21,"column":19},"end":{"line":21,"column":68}},"5":{"start":{"line":22,"column":4},"end":{"line":22,"column":38}},"6":{"start":{"line":27,"column":2},"end":{"line":30,"column":3}},"7":{"start":{"line":28,"column":19},"end":{"line":28,"column":58}},"8":{"start":{"line":29,"column":4},"end":{"line":29,"column":38}},"9":{"start":{"line":34,"column":2},"end":{"line":37,"column":3}},"10":{"start":{"line":35,"column":19},"end":{"line":35,"column":41}},"11":{"start":{"line":36,"column":4},"end":{"line":36,"column":39}}},"fnMap":{"0":{"name":"setNavigator","decl":{"start":{"line":13,"column":9},"end":{"line":13,"column":21}},"loc":{"start":{"line":13,"column":64},"end":{"line":17,"column":1}},"line":13},"1":{"name":"navigate","decl":{"start":{"line":19,"column":9},"end":{"line":19,"column":17}},"loc":{"start":{"line":19,"column":77},"end":{"line":24,"column":1}},"line":19},"2":{"name":"replace","decl":{"start":{"line":26,"column":9},"end":{"line":26,"column":16}},"loc":{"start":{"line":26,"column":76},"end":{"line":31,"column":1}},"line":26},"3":{"name":"goBack","decl":{"start":{"line":33,"column":9},"end":{"line":33,"column":15}},"loc":{"start":{"line":33,"column":24},"end":{"line":38,"column":1}},"line":33}},"branchMap":{"0":{"loc":{"start":{"line":14,"column":2},"end":{"line":16,"column":3}},"type":"if","locations":[{"start":{"line":14,"column":2},"end":{"line":16,"column":3}},{"start":{},"end":{}}],"line":14},"1":{"loc":{"start":{"line":20,"column":2},"end":{"line":23,"column":3}},"type":"if","locations":[{"start":{"line":20,"column":2},"end":{"line":23,"column":3}},{"start":{},"end":{}}],"line":20},"2":{"loc":{"start":{"line":20,"column":6},"end":{"line":20,"column":35}},"type":"binary-expr","locations":[{"start":{"line":20,"column":6},"end":{"line":20,"column":22}},{"start":{"line":20,"column":26},"end":{"line":20,"column":35}}],"line":20},"3":{"loc":{"start":{"line":27,"column":2},"end":{"line":30,"column":3}},"type":"if","locations":[{"start":{"line":27,"column":2},"end":{"line":30,"column":3}},{"start":{},"end":{}}],"line":27},"4":{"loc":{"start":{"line":27,"column":6},"end":{"line":27,"column":35}},"type":"binary-expr","locations":[{"start":{"line":27,"column":6},"end":{"line":27,"column":22}},{"start":{"line":27,"column":26},"end":{"line":27,"column":35}}],"line":27},"5":{"loc":{"start":{"line":34,"column":2},"end":{"line":37,"column":3}},"type":"if","locations":[{"start":{"line":34,"column":2},"end":{"line":37,"column":3}},{"start":{},"end":{}}],"line":34}},"s":{"0":0,"1":0,"2":0,"3":0,"4":0,"5":0,"6":0,"7":0,"8":0,"9":0,"10":0,"11":0},"f":{"0":0,"1":0,"2":0,"3":0},"b":{"0":[0,0],"1":[0,0],"2":[0,0],"3":[0,0],"4":[0,0],"5":[0,0]}}
}
